\BOOKMARK [1][-]{section.0.1}{Introduction}{}% 1
\BOOKMARK [2][-]{subsection.0.1.1}{Our Model and Results}{section.0.1}% 2
\BOOKMARK [2][-]{subsection.0.1.2}{Related Work}{section.0.1}% 3
\BOOKMARK [1][-]{section.0.2}{Model and Preliminaries}{}% 4
\BOOKMARK [1][-]{section.0.3}{Certification Schemes for Linear Programs}{}% 5
\BOOKMARK [2][-]{subsection.0.3.1}{Computing the Sum of Records}{section.0.3}% 6
\BOOKMARK [2][-]{subsection.0.3.2}{Functions given by Linear Programs}{section.0.3}% 7
\BOOKMARK [1][-]{section.0.4}{Certification Schemes for w-Lipschitz Functions and Applications}{}% 8
\BOOKMARK [2][-]{subsection.0.4.1}{Certification Schemes for w-Lipschitz Functions}{section.0.4}% 9
\BOOKMARK [1][-]{section.0.5}{Weak Correction Model}{}% 10
\BOOKMARK [1][-]{section.0.6}{Strong Correction Model}{}% 11
\BOOKMARK [2][-]{subsection.0.6.1}{Computing the Sum of Values of Records}{section.0.6}% 12
\BOOKMARK [2][-]{subsection.0.6.2}{Lower Bound for the Maximum of Sums Function}{section.0.6}% 13
\BOOKMARK [2][-]{subsection.0.6.3}{From Algorithms using Conditional Sampling to Strong Correction Schemes}{section.0.6}% 14
\BOOKMARK [1][-]{section.0.A}{Applications of Theorem 8}{}% 15
\BOOKMARK [2][-]{subsection.0.A.1}{Optimal Travelling Salesman Tour}{section.0.A}% 16
\BOOKMARK [2][-]{subsection.0.A.2}{Steiner tree}{section.0.A}% 17
\BOOKMARK [1][-]{section.0.B}{Proof of Theorem 9}{}% 18
\BOOKMARK [1][-]{section.0.C}{Missing Proof of Section 6}{}% 19
\BOOKMARK [1][-]{section.0.D}{Proof of Theorem 8}{}% 20
\BOOKMARK [1][-]{section.0.E}{Complete Statement and applications of Theorem 12}{}% 21
