\BOOKMARK [1][-]{section.0.1}{Introduction}{}% 1
\BOOKMARK [2][-]{subsection.0.1.1}{Preliminaries}{section.0.1}% 2
\BOOKMARK [1][-]{section.0.2}{Minimizing Regret to Solve Games}{}% 3
\BOOKMARK [2][-]{subsection.0.2.1}{Weighted Regret Minimization}{section.0.2}% 4
\BOOKMARK [2][-]{subsection.0.2.2}{Algorithms}{section.0.2}% 5
\BOOKMARK [2][-]{subsection.0.2.3}{Solving zero-sum convex-concave games}{section.0.2}% 6
\BOOKMARK [2][-]{subsection.0.2.4}{Application: the Frank-Wolfe Algorithm}{section.0.2}% 7
\BOOKMARK [1][-]{section.0.3}{Fast convergence in the FW game}{}% 8
\BOOKMARK [2][-]{subsection.0.3.1}{Solving the FW game with Optimistic-FTL and BeTheRegularizedLeader}{section.0.3}% 9
\BOOKMARK [2][-]{subsection.0.3.2}{Proof of thm:FWgame}{section.0.3}% 10
\BOOKMARK [1][-]{section.0.4}{Linear convergence in some strongly-convex and strongly-concave game}{}% 11
\BOOKMARK [1][-]{section.0.A}{Discussion of Optimistic Algorithms}{}% 12
\BOOKMARK [1][-]{section.0.B}{Examples of -Gauge sets}{}% 13
\BOOKMARK [1][-]{section.0.C}{Proof of Theorem 9}{}% 14
\BOOKMARK [1][-]{section.0.D}{Proof of Lemma 14 from Proof of Theorem 10}{}% 15
\BOOKMARK [1][-]{section.0.E}{Optimistic FTRL}{}% 16
\BOOKMARK [1][-]{section.0.F}{Proof of Corollary 11}{}% 17
\BOOKMARK [1][-]{section.0.G}{The y-player plays BeThePerturbedLeader in the FW game}{}% 18
\BOOKMARK [1][-]{section.0.H}{The y-player plays BestResponse in the FW game}{}% 19
\BOOKMARK [1][-]{section.0.I}{}{}% 20
\BOOKMARK [1][-]{section.0.J}{}{}% 21
\BOOKMARK [1][-]{section.0.K}{Proof of thm:linear-rate}{}% 22
\BOOKMARK [1][-]{section.0.L}{Proof of Theorem 13}{}% 23
\BOOKMARK [1][-]{section.0.M}{Supremum of strongly convex functions is strongly convex}{}% 24
