\BOOKMARK [1][-]{section.0.1}{Introduction}{}% 1
\BOOKMARK [2][-]{subsection.0.1.1}{Our contributions}{section.0.1}% 2
\BOOKMARK [2][-]{subsection.0.1.2}{On the assumption that F\(x\)=0.}{section.0.1}% 3
\BOOKMARK [2][-]{subsection.0.1.3}{Short summary of techniques}{section.0.1}% 4
\BOOKMARK [2][-]{subsection.0.1.4}{Organization of the rest of the paper}{section.0.1}% 5
\BOOKMARK [1][-]{section.0.2}{Overview of Our Contributions}{}% 6
\BOOKMARK [1][-]{section.0.A}{Preliminaries}{}% 7
\BOOKMARK [2][-]{subsection.0.A.1}{Notation}{section.0.A}% 8
\BOOKMARK [2][-]{subsection.0.A.2}{Assumptions on the convex objective function and the constraint set}{section.0.A}% 9
\BOOKMARK [2][-]{subsection.0.A.3}{A smoothed oracle from a non-smooth one}{section.0.A}% 10
\BOOKMARK [1][-]{section.0.B}{Our Contribution}{}% 11
\BOOKMARK [2][-]{subsection.0.B.1}{Our Algorithm}{section.0.B}% 12
\BOOKMARK [2][-]{subsection.0.B.2}{Statement of Our Main Theorem}{section.0.B}% 13
\BOOKMARK [1][-]{section.0.C}{Proofs}{}% 14
\BOOKMARK [2][-]{subsection.0.C.1}{Assumptions about the smooth oracle}{section.0.C}% 15
\BOOKMARK [2][-]{subsection.0.C.2}{Conductance and bounding the Cheeger constant}{section.0.C}% 16
\BOOKMARK [2][-]{subsection.0.C.3}{Bounding the escape probability}{section.0.C}% 17
\BOOKMARK [2][-]{subsection.0.C.4}{Comparing noisy functions}{section.0.C}% 18
\BOOKMARK [2][-]{subsection.0.C.5}{Bounding the error and running time: The smooth case}{section.0.C}% 19
\BOOKMARK [2][-]{subsection.0.C.6}{The non-smooth case}{section.0.C}% 20
\BOOKMARK [2][-]{subsection.0.C.7}{Rounding the domain of the Markov Chain}{section.0.C}% 21
\BOOKMARK [2][-]{subsection.0.C.8}{Proof of Main Result \(Theorem 3\)}{section.0.C}% 22
\BOOKMARK [1][-]{section.0.D}{Figures}{}% 23
