\BOOKMARK [1][-]{section.0.1}{Introduction}{}% 1
\BOOKMARK [1][-]{section.0.2}{Problem Formulations}{}% 2
\BOOKMARK [2][-]{subsection.0.2.1}{Detection and Recovery Problems}{section.0.2}% 3
\BOOKMARK [2][-]{subsection.0.2.2}{Problems}{section.0.2}% 4
\BOOKMARK [1][-]{section.0.3}{Summary of Results}{}% 5
\BOOKMARK [1][-]{section.0.4}{Techniques}{}% 6
\BOOKMARK [1][-]{section.0.A}{Preliminaries}{}% 7
\BOOKMARK [2][-]{subsection.0.A.1}{Figure for the Main Theorem}{section.0.A}% 8
\BOOKMARK [2][-]{subsection.0.A.2}{Hardness Results from an Algorithmic Perspective}{section.0.A}% 9
\BOOKMARK [2][-]{subsection.0.A.3}{Prior Work}{section.0.A}% 10
\BOOKMARK [2][-]{subsection.0.A.4}{Notation}{section.0.A}% 11
\BOOKMARK [1][-]{section.0.B}{Densifying Planted Clique and Planted Independent Set}{}% 12
\BOOKMARK [2][-]{subsection.0.B.1}{Detecting Planted Generalized Diagonals}{section.0.B}% 13
\BOOKMARK [2][-]{subsection.0.B.2}{Planted Clique Lifting}{section.0.B}% 14
\BOOKMARK [1][-]{section.0.C}{Rejection Kernels and Distributional Lifting}{}% 15
\BOOKMARK [2][-]{subsection.0.C.1}{Rejection Kernels}{section.0.C}% 16
\BOOKMARK [2][-]{subsection.0.C.2}{Distributional Lifting}{section.0.C}% 17
\BOOKMARK [1][-]{section.0.D}{Planted Dense Subgraph and Biclustering}{}% 18
\BOOKMARK [2][-]{subsection.0.D.1}{Poisson Lifting and Lower Bounds for Low-Density PDS}{section.0.D}% 19
\BOOKMARK [2][-]{subsection.0.D.2}{Gaussian Lifting and Lower Bounds for High-Density PDS and BC}{section.0.D}% 20
\BOOKMARK [2][-]{subsection.0.D.3}{Lower Bounds for General PDS}{section.0.D}% 21
\BOOKMARK [1][-]{section.0.E}{Reflection Cloning and Subgraph Stochastic Block Model}{}% 22
\BOOKMARK [2][-]{subsection.0.E.1}{Reflecting Cloning and Rank-1 Submatrix}{section.0.E}% 23
\BOOKMARK [2][-]{subsection.0.E.2}{Sparse Spiked Wigner Matrix}{section.0.E}% 24
\BOOKMARK [2][-]{subsection.0.E.3}{Subgraph Stochastic Block Model}{section.0.E}% 25
\BOOKMARK [1][-]{section.0.F}{Random Rotations and Sparse PCA}{}% 26
\BOOKMARK [1][-]{section.0.G}{Algorithms and Information-Theoretic Thresholds}{}% 27
\BOOKMARK [2][-]{subsection.0.G.1}{Biclustering, Planted Dense Subgraph and Independent Set}{section.0.G}% 28
\BOOKMARK [2][-]{subsection.0.G.2}{Rank-1 Submatrix, Sparse Spiked Wigner and Subgraph SBM}{section.0.G}% 29
\BOOKMARK [2][-]{subsection.0.G.3}{Sparse PCA and Biased Sparse PCA}{section.0.G}% 30
\BOOKMARK [1][-]{section.0.H}{Detection-Recovery Reductions}{}% 31
\BOOKMARK [1][-]{section.0.I}{Future Directions}{}% 32
