\BOOKMARK [1][-]{section.0.1}{Introduction}{}% 1
\BOOKMARK [2][-]{subsection.0.1.1}{Our Results: Learning Multivariate Histograms}{section.0.1}% 2
\BOOKMARK [2][-]{subsection.0.1.2}{Our Techniques and Comparison to Prior Work}{section.0.1}% 3
\BOOKMARK [1][-]{section.0.2}{Preliminaries}{}% 4
\BOOKMARK [2][-]{subsection.0.2.1}{Histograms and Problem Definition}{section.0.2}% 5
\BOOKMARK [2][-]{subsection.0.2.2}{Hierarchical Histograms}{section.0.2}% 6
\BOOKMARK [1][-]{section.0.3}{Learning Histograms in 1-Distance}{}% 7
\BOOKMARK [2][-]{subsection.0.3.1}{VC theory}{section.0.3}% 8
\BOOKMARK [2][-]{subsection.0.3.2}{Computing D-distance and fitting in D-distance}{section.0.3}% 9
\BOOKMARK [2][-]{subsection.0.3.3}{The Greedy Splitting Algorithm for Dk-Distance}{section.0.3}% 10
\BOOKMARK [2][-]{subsection.0.3.4}{Warm-up: an Algorithm for Hierarchical Histograms on [m]d}{section.0.3}% 11
\BOOKMARK [2][-]{subsection.0.3.5}{General Histograms via Adaptive Gridding}{section.0.3}% 12
\BOOKMARK [1][-]{section.0.A}{Learning Histograms in 2-Distance}{}% 13
\BOOKMARK [2][-]{subsection.0.A.1}{Greedy Splitting for Hierarchical Histograms in 2-Distance}{section.0.A}% 14
\BOOKMARK [1][-]{section.0.B}{Omitted Proofs from Section 3}{}% 15
\BOOKMARK [2][-]{subsection.0.B.1}{VC Theory for Hierarchical Histograms}{section.0.B}% 16
\BOOKMARK [2][-]{subsection.0.B.2}{Proof of Lemma 10}{section.0.B}% 17
\BOOKMARK [2][-]{subsection.0.B.3}{Proof of Theorem 13}{section.0.B}% 18
\BOOKMARK [2][-]{subsection.0.B.4}{Proof of Lemma 20}{section.0.B}% 19
\BOOKMARK [2][-]{subsection.0.B.5}{Proof of Lemma 22}{section.0.B}% 20
\BOOKMARK [2][-]{subsection.0.B.6}{Proof of Lemma 23}{section.0.B}% 21
\BOOKMARK [2][-]{subsection.0.B.7}{Algorithm 4}{section.0.B}% 22
