\BOOKMARK [1][-]{section.0.1}{Introduction}{}% 1
\BOOKMARK [2][-]{subsection.0.1.1}{Related Work}{section.0.1}% 2
\BOOKMARK [1][-]{section.0.2}{Results}{}% 3
\BOOKMARK [2][-]{subsection.0.2.1}{Linear Dynamical Systems}{section.0.2}% 4
\BOOKMARK [2][-]{subsection.0.2.2}{Lower Bounds for Linear System Identification}{section.0.2}% 5
\BOOKMARK [2][-]{subsection.0.2.3}{General Time Series with Linear Responses}{section.0.2}% 6
\BOOKMARK [2][-]{subsection.0.2.4}{Analysis Techniques}{section.0.2}% 7
\BOOKMARK [1][-]{section.0.3}{Theorem 2.1 as a corollary of Theorem 2.4}{}% 8
\BOOKMARK [1][-]{section.0.4}{Proof of Theorem 2.4}{}% 9
\BOOKMARK [1][-]{section.0.5}{Discussion and future work}{}% 10
\BOOKMARK [1][-]{section.0.A}{Existence of k for \(A*\) 1}{}% 11
\BOOKMARK [2][-]{subsection.0.A.1}{Proof of Corrollary A.2}{section.0.A}% 12
\BOOKMARK [2][-]{subsection.0.A.2}{Proof of Corrollary A.3}{section.0.A}% 13
\BOOKMARK [2][-]{subsection.0.A.3}{Proof of Proposition A.1}{section.0.A}% 14
\BOOKMARK [1][-]{section.0.B}{Specialized Analysis in Scalar Linear Systems}{}% 15
\BOOKMARK [1][-]{section.0.C}{Proof of Theorem B.1}{}% 16
\BOOKMARK [2][-]{subsection.0.C.1}{Proof of Lemma 3}{section.0.C}% 17
\BOOKMARK [2][-]{subsection.0.C.2}{Proof of Theorem B.1}{section.0.C}% 18
\BOOKMARK [2][-]{subsection.0.C.3}{Proof of Proposition C.1}{section.0.C}% 19
\BOOKMARK [1][-]{section.0.D}{Proof of Theorem 2.4 }{}% 20
\BOOKMARK [2][-]{subsection.0.D.1}{Bounding P[ E2c E3c] }{section.0.D}% 21
\BOOKMARK [2][-]{subsection.0.D.2}{Bounding P[ E1 E2 E3c ]}{section.0.D}% 22
\BOOKMARK [1][-]{section.0.E}{Proof of Technical Results}{}% 23
\BOOKMARK [2][-]{subsection.0.E.1}{Proof of Proposition 2.5}{section.0.E}% 24
\BOOKMARK [2][-]{subsection.0.E.2}{Proof of Martingale Concentration \(Lemma 4.2\)}{section.0.E}% 25
\BOOKMARK [2][-]{subsection.0.E.3}{Proofs of Covering Results}{section.0.E}% 26
\BOOKMARK [3][-]{subsubsection.0.E.3.1}{Proof of Lemma 4.1}{subsection.0.E.3}% 27
\BOOKMARK [3][-]{subsubsection.0.E.3.2}{Proof of Lemma D.2}{subsection.0.E.3}% 28
\BOOKMARK [1][-]{section.0.F}{Lower Bounds}{}% 29
\BOOKMARK [2][-]{subsection.0.F.1}{Proof of Information Theoretic Lower Bounds, Theorems B.2 and 2.3}{section.0.F}% 30
\BOOKMARK [2][-]{subsection.0.F.2}{1-D Lower Bound: Proof of Theorem B.2}{section.0.F}% 31
\BOOKMARK [2][-]{subsection.0.F.3}{d-Dimensional Lower Bound}{section.0.F}% 32
\BOOKMARK [2][-]{subsection.0.F.4}{Proof of Proposition F.3}{section.0.F}% 33
\BOOKMARK [3][-]{subsubsection.0.F.4.1}{Proof of Lemma F.4}{subsection.0.F.4}% 34
\BOOKMARK [3][-]{subsubsection.0.F.4.2}{Proof of Lemma F.2}{subsection.0.F.4}% 35
\BOOKMARK [2][-]{subsection.0.F.5}{Proof of Lemma F.1}{section.0.F}% 36
\BOOKMARK [1][-]{section.0.G}{Analysis of Standard LS}{}% 37
