\BOOKMARK [1][-]{section.0.1}{Introduction}{}% 1
\BOOKMARK [2][-]{subsection.0.1.1}{Background}{section.0.1}% 2
\BOOKMARK [2][-]{subsection.0.1.2}{Our Results and Comparison to Prior Work}{section.0.1}% 3
\BOOKMARK [2][-]{subsection.0.1.3}{Related Work}{section.0.1}% 4
\BOOKMARK [2][-]{subsection.0.1.4}{Technical Overview}{section.0.1}% 5
\BOOKMARK [2][-]{subsection.0.1.5}{Organization}{section.0.1}% 6
\BOOKMARK [1][-]{section.0.2}{Preliminaries}{}% 7
\BOOKMARK [1][-]{section.0.3}{Main Result: Proof of Theorem 3}{}% 8
\BOOKMARK [1][-]{section.0.4}{Warmup for the Proof of Lemma 10}{}% 9
\BOOKMARK [1][-]{section.0.5}{Conclusions}{}% 10
\BOOKMARK [1][-]{section.0.A}{Proof of Lemma 10}{}% 11
\BOOKMARK [1][-]{section.0.B}{Deferred Proofs}{}% 12
\BOOKMARK [2][-]{subsection.0.B.1}{Proof of Lemma 8}{section.0.B}% 13
\BOOKMARK [2][-]{subsection.0.B.2}{Proof of Lemma 12}{section.0.B}% 14
\BOOKMARK [2][-]{subsection.0.B.3}{ Proof of Lemma 14}{section.0.B}% 15
\BOOKMARK [2][-]{subsection.0.B.4}{ Proof of Lemma 15}{section.0.B}% 16
\BOOKMARK [2][-]{subsection.0.B.5}{ Proof of Lemma 18}{section.0.B}% 17
\BOOKMARK [2][-]{subsection.0.B.6}{ Proof of Claim 22}{section.0.B}% 18
\BOOKMARK [2][-]{subsection.0.B.7}{Proof of Lemma 23}{section.0.B}% 19
\BOOKMARK [2][-]{subsection.0.B.8}{ Proof of Claim 24}{section.0.B}% 20
\BOOKMARK [2][-]{subsection.0.B.9}{ Proof of Claim 25}{section.0.B}% 21
