\BOOKMARK [1][-]{section.0.1}{Introduction}{}% 1
\BOOKMARK [1][-]{section.0.2}{Main Results}{}% 2
\BOOKMARK [2][-]{subsection.0.2.1}{Assumptions}{section.0.2}% 3
\BOOKMARK [2][-]{subsection.0.2.2}{Main Theorems}{section.0.2}% 4
\BOOKMARK [2][-]{subsection.0.2.3}{Applications}{section.0.2}% 5
\BOOKMARK [1][-]{section.0.3}{Representations of Blackboard Communication Protocol}{}% 6
\BOOKMARK [2][-]{subsection.0.3.1}{Tree representation of blackboard communication protocol}{section.0.3}% 7
\BOOKMARK [2][-]{subsection.0.3.2}{Minimax lower bound}{section.0.3}% 8
\BOOKMARK [1][-]{section.0.4}{Lower Bounds via Geometric Inequalities}{}% 9
\BOOKMARK [2][-]{subsection.0.4.1}{Proof of Theorem 2 via Geometric Inequality I}{section.0.4}% 10
\BOOKMARK [2][-]{subsection.0.4.2}{Proof of Theorem 4 via Geometric Inequality II}{section.0.4}% 11
\BOOKMARK [1][-]{section.0.5}{Discussions}{}% 12
\BOOKMARK [2][-]{subsection.0.5.1}{Some Applications of Geometric Inequalities}{section.0.5}% 13
\BOOKMARK [2][-]{subsection.0.5.2}{Comparison with Strong Data Processing Inequalities \(SDPI\)}{section.0.5}% 14
\BOOKMARK [1][-]{section.0.A}{Auxiliary Lemmas}{}% 15
\BOOKMARK [1][-]{section.0.B}{Proof of Main Lemmas}{}% 16
\BOOKMARK [2][-]{subsection.0.B.1}{Proof of Lemma 10}{section.0.B}% 17
\BOOKMARK [2][-]{subsection.0.B.2}{Proof of Lemma 12}{section.0.B}% 18
\BOOKMARK [2][-]{subsection.0.B.3}{Proof of Lemma 13}{section.0.B}% 19
\BOOKMARK [2][-]{subsection.0.B.4}{Proof of Lemma 14}{section.0.B}% 20
\BOOKMARK [2][-]{subsection.0.B.5}{Another Proof of Lemma 14 in Gaussian Case}{section.0.B}% 21
\BOOKMARK [3][-]{subsubsection.0.B.5.1}{Geometric inequality on binary hypercube}{subsection.0.B.5}% 22
\BOOKMARK [3][-]{subsubsection.0.B.5.2}{Tensor Power Trick}{subsection.0.B.5}% 23
\BOOKMARK [2][-]{subsection.0.B.6}{Proof of Lemma 15}{section.0.B}% 24
\BOOKMARK [1][-]{section.0.C}{Proof of Propositions and Theorem 8}{}% 25
\BOOKMARK [2][-]{subsection.0.C.1}{Proof of Proposition 1}{section.0.C}% 26
\BOOKMARK [2][-]{subsection.0.C.2}{Proof of Proposition 7}{section.0.C}% 27
\BOOKMARK [2][-]{subsection.0.C.3}{Proof of Proposition 16}{section.0.C}% 28
\BOOKMARK [2][-]{subsection.0.C.4}{Proof of Theorem 8}{section.0.C}% 29
