This is pdfTeX, Version 3.14159265-2.6-1.40.16 (TeX Live 2015) (preloaded format=pdflatex 2015.11.28)  6 JUN 2018 15:04
entering extended mode
 restricted \write18 enabled.
 %&-line parsing enabled.
**\expandafter\def\csname @jmlryear\endcsname{2018}\expandafter\def\csname @jml
rvolume\endcsname{75}\AtBeginDocument{\InputIfFileExists{../bookfonts}{}{}\norm
alfont }\def\startpage{3}\input{abernethytex18}
(./abernethytex18.tex (/usr/local/texlive/2015/texmf-dist/tex/latex/jmlr/jmlr.c
ls
Document Class: jmlr 2015/02/24 v1.21 (NLCT) Journal of Machine Learning Resear
ch
(/usr/local/texlive/2015/texmf-dist/tex/latex/xkeyval/xkeyval.sty
Package: xkeyval 2014/12/03 v2.7a package option processing (HA)
(/usr/local/texlive/2015/texmf-dist/tex/generic/xkeyval/xkeyval.tex (/usr/local
/texlive/2015/texmf-dist/tex/generic/xkeyval/xkvutils.tex
\XKV@toks=\toks14
\XKV@tempa@toks=\toks15
(/usr/local/texlive/2015/texmf-dist/tex/generic/xkeyval/keyval.tex))
\XKV@depth=\count79
File: xkeyval.tex 2014/12/03 v2.7a key=value parser (HA)
)) (/usr/local/texlive/2015/texmf-dist/tex/latex/tools/calc.sty
Package: calc 2014/10/28 v4.3 Infix arithmetic (KKT,FJ)
\calc@Acount=\count80
\calc@Bcount=\count81
\calc@Adimen=\dimen102
\calc@Bdimen=\dimen103
\calc@Askip=\skip41
\calc@Bskip=\skip42
LaTeX Info: Redefining \setlength on input line 80.
LaTeX Info: Redefining \addtolength on input line 81.
\calc@Ccount=\count82
\calc@Cskip=\skip43
) (/usr/local/texlive/2015/texmf-dist/tex/latex/etoolbox/etoolbox.sty
Package: etoolbox 2015/05/04 v2.2 e-TeX tools for LaTeX (JAW)
\etb@tempcnta=\count83
) (/usr/local/texlive/2015/texmf-dist/tex/latex/base/article.cls
Document Class: article 2014/09/29 v1.4h Standard LaTeX document class
(/usr/local/texlive/2015/texmf-dist/tex/latex/base/size11.clo
File: size11.clo 2014/09/29 v1.4h Standard LaTeX file (size option)
)
\c@part=\count84
\c@section=\count85
\c@subsection=\count86
\c@subsubsection=\count87
\c@paragraph=\count88
\c@subparagraph=\count89
\c@figure=\count90
\c@table=\count91
\abovecaptionskip=\skip44
\belowcaptionskip=\skip45
\bibindent=\dimen104
) (/usr/local/texlive/2015/texmf-dist/tex/latex/amsmath/amsmath.sty
Package: amsmath 2013/01/14 v2.14 AMS math features
\@mathmargin=\skip46
For additional information on amsmath, use the `?' option.
(/usr/local/texlive/2015/texmf-dist/tex/latex/amsmath/amstext.sty
Package: amstext 2000/06/29 v2.01
(/usr/local/texlive/2015/texmf-dist/tex/latex/amsmath/amsgen.sty
File: amsgen.sty 1999/11/30 v2.0
\@emptytoks=\toks16
\ex@=\dimen105
)) (/usr/local/texlive/2015/texmf-dist/tex/latex/amsmath/amsbsy.sty
Package: amsbsy 1999/11/29 v1.2d
\pmbraise@=\dimen106
) (/usr/local/texlive/2015/texmf-dist/tex/latex/amsmath/amsopn.sty
Package: amsopn 1999/12/14 v2.01 operator names
)
\inf@bad=\count92
LaTeX Info: Redefining \frac on input line 210.
\uproot@=\count93
\leftroot@=\count94
LaTeX Info: Redefining \overline on input line 306.
\classnum@=\count95
\DOTSCASE@=\count96
LaTeX Info: Redefining \ldots on input line 378.
LaTeX Info: Redefining \dots on input line 381.
LaTeX Info: Redefining \cdots on input line 466.
\Mathstrutbox@=\box26
\strutbox@=\box27
\big@size=\dimen107
LaTeX Font Info:    Redeclaring font encoding OML on input line 566.
LaTeX Font Info:    Redeclaring font encoding OMS on input line 567.
\macc@depth=\count97
\c@MaxMatrixCols=\count98
\dotsspace@=\muskip10
\c@parentequation=\count99
\dspbrk@lvl=\count100
\tag@help=\toks17
\row@=\count101
\column@=\count102
\maxfields@=\count103
\andhelp@=\toks18
\eqnshift@=\dimen108
\alignsep@=\dimen109
\tagshift@=\dimen110
\tagwidth@=\dimen111
\totwidth@=\dimen112
\lineht@=\dimen113
\@envbody=\toks19
\multlinegap=\skip47
\multlinetaggap=\skip48
\mathdisplay@stack=\toks20
LaTeX Info: Redefining \[ on input line 2665.
LaTeX Info: Redefining \] on input line 2666.
) (/usr/local/texlive/2015/texmf-dist/tex/latex/amsfonts/amssymb.sty
Package: amssymb 2013/01/14 v3.01 AMS font symbols
(/usr/local/texlive/2015/texmf-dist/tex/latex/amsfonts/amsfonts.sty
Package: amsfonts 2013/01/14 v3.01 Basic AMSFonts support
\symAMSa=\mathgroup4
\symAMSb=\mathgroup5
LaTeX Font Info:    Overwriting math alphabet `\mathfrak' in version `bold'
(Font)                  U/euf/m/n --> U/euf/b/n on input line 106.
)) (/usr/local/texlive/2015/texmf-dist/tex/latex/natbib/natbib.sty
Package: natbib 2010/09/13 8.31b (PWD, AO)
\bibhang=\skip49
\bibsep=\skip50
LaTeX Info: Redefining \cite on input line 694.
\c@NAT@ctr=\count104
) (/usr/local/texlive/2015/texmf-dist/tex/latex/graphics/graphicx.sty
Package: graphicx 2014/10/28 v1.0g Enhanced LaTeX Graphics (DPC,SPQR)
(/usr/local/texlive/2015/texmf-dist/tex/latex/graphics/graphics.sty
Package: graphics 2014/10/28 v1.0p Standard LaTeX Graphics (DPC,SPQR)
(/usr/local/texlive/2015/texmf-dist/tex/latex/graphics/trig.sty
Package: trig 1999/03/16 v1.09 sin cos tan (DPC)
) (/usr/local/texlive/2015/texmf-dist/tex/latex/latexconfig/graphics.cfg
File: graphics.cfg 2010/04/23 v1.9 graphics configuration of TeX Live
)
Package graphics Info: Driver file: pdftex.def on input line 94.
(/usr/local/texlive/2015/texmf-dist/tex/latex/pdftex-def/pdftex.def
File: pdftex.def 2011/05/27 v0.06d Graphics/color for pdfTeX
(/usr/local/texlive/2015/texmf-dist/tex/generic/oberdiek/infwarerr.sty
Package: infwarerr 2010/04/08 v1.3 Providing info/warning/error messages (HO)
) (/usr/local/texlive/2015/texmf-dist/tex/generic/oberdiek/ltxcmds.sty
Package: ltxcmds 2011/11/09 v1.22 LaTeX kernel commands for general use (HO)
)
\Gread@gobject=\count105
))
\Gin@req@height=\dimen114
\Gin@req@width=\dimen115
) (/usr/local/texlive/2015/texmf-dist/tex/latex/url/url.sty
\Urlmuskip=\muskip11
Package: url 2013/09/16  ver 3.4  Verb mode for urls, etc.
) (/usr/local/texlive/2015/texmf-dist/tex/latex/xcolor/xcolor.sty
Package: xcolor 2007/01/21 v2.11 LaTeX color extensions (UK)
(/usr/local/texlive/2015/texmf-dist/tex/latex/latexconfig/color.cfg
File: color.cfg 2007/01/18 v1.5 color configuration of teTeX/TeXLive
)
Package xcolor Info: Driver file: pdftex.def on input line 225.
Package xcolor Info: Model `cmy' substituted by `cmy0' on input line 1337.
Package xcolor Info: Model `hsb' substituted by `rgb' on input line 1341.
Package xcolor Info: Model `RGB' extended on input line 1353.
Package xcolor Info: Model `HTML' substituted by `rgb' on input line 1355.
Package xcolor Info: Model `Hsb' substituted by `hsb' on input line 1356.
Package xcolor Info: Model `tHsb' substituted by `hsb' on input line 1357.
Package xcolor Info: Model `HSB' substituted by `hsb' on input line 1358.
Package xcolor Info: Model `Gray' substituted by `gray' on input line 1359.
Package xcolor Info: Model `wave' substituted by `hsb' on input line 1360.
(/usr/local/texlive/2015/texmf-dist/tex/latex/xcolor/x11nam.def
File: x11nam.def 2007/01/21 v2.11 Predefined colors according to Unix/X11 (UK)
)) (/usr/local/texlive/2015/texmf-dist/tex/latex/algorithm2e/algorithm2e.sty
Package: algorithm2e 2013/01/06 v5.00 algorithms environments
\c@AlgoLine=\count106
(/usr/local/texlive/2015/texmf-dist/tex/latex/base/ifthen.sty
Package: ifthen 2014/09/29 v1.1c Standard LaTeX ifthen package (DPC)
) (/usr/local/texlive/2015/texmf-dist/tex/latex/tools/xspace.sty
Package: xspace 2014/10/28 v1.13 Space after command names (DPC,MH)
) (/usr/local/texlive/2015/texmf-dist/tex/latex/relsize/relsize.sty
Package: relsize 2013/03/29 ver 4.1
)
********************************************************
Package `algorithm2e' Release 5.0 -- january 06 2013 --
- algorithm2e-announce@lirmm.fr mailing list for announcement about releases
- algorithm2e-discussion@lirmm.fr mailing list for discussion about package
subscribe by emailing sympa@lirmm.fr with 'subscribe <list> <firstname name>'
- Author: Christophe Fiorio (cfiorio@um2.fr)
********************************************************
\skiptotal=\skip51
\skiplinenumber=\skip52
\skiprule=\skip53
\skiphlne=\skip54
\skiptext=\skip55
\skiplength=\skip56
\algomargin=\skip57
\skipalgocfslide=\skip58
\algowidth=\dimen116
\inoutsize=\dimen117
\inoutindent=\dimen118
\interspacetitleruled=\dimen119
\interspacealgoruled=\dimen120
\interspacetitleboxruled=\dimen121
\algocf@inoutbox=\box28
\algocf@inputbox=\box29
\AlCapSkip=\skip59
\AlCapHSkip=\skip60
\algoskipindent=\skip61
\algocf@nlbox=\box30
\algocf@hangingbox=\box31
\algocf@untilbox=\box32
\algocf@skipuntil=\skip62
\algocf@capbox=\box33
\algoheightruledefault=\skip63
\algoheightrule=\skip64
\algotitleheightruledefault=\skip65
\algotitleheightrule=\skip66
\c@algocfline=\count107
\c@algocfproc=\count108
\c@algocf=\count109
\algocf@algoframe=\box34
\algocf@algobox=\box35
) (/usr/local/texlive/2015/texmf-dist/tex/latex/algorithms/algorithmic.sty
Package: algorithmic 2009/08/24 v0.1 Document Style `algorithmic'
\c@ALC@unique=\count110
\c@ALC@line=\count111
\c@ALC@rem=\count112
\c@ALC@depth=\count113
\ALC@tlm=\skip67
\algorithmicindent=\skip68
) (/usr/local/texlive/2015/texmf-dist/tex/latex/comment/comment.sty
\CommentStream=\write3
Excluding comment 'comment') (/usr/local/texlive/2015/texmf-dist/tex/latex/bbm-
macros/bbm.sty
Package: bbm 1999/03/15 V 1.2 provides fonts for set symbols - TH
LaTeX Font Info:    Overwriting math alphabet `\mathbbm' in version `bold'
(Font)                  U/bbm/m/n --> U/bbm/bx/n on input line 33.
LaTeX Font Info:    Overwriting math alphabet `\mathbbmss' in version `bold'
(Font)                  U/bbmss/m/n --> U/bbmss/bx/n on input line 35.
) (/usr/local/texlive/2015/texmf-dist/tex/latex/tools/xr.sty
Package: xr 1994/05/28 v5.02 eXternal References (DPC)
) (/usr/local/texlive/2015/texmf-dist/tex/latex/soul/soul.sty
Package: soul 2003/11/17 v2.4 letterspacing/underlining (mf)
\SOUL@word=\toks21
\SOUL@lasttoken=\toks22
\SOUL@cmds=\toks23
\SOUL@buffer=\toks24
\SOUL@token=\toks25
\SOUL@spaceskip=\skip69
\SOUL@ttwidth=\dimen122
\SOUL@uldp=\dimen123
\SOUL@ulht=\dimen124
) (/usr/local/texlive/2015/texmf-dist/tex/latex/listings/listings.sty
\lst@mode=\count114
\lst@gtempboxa=\box36
\lst@token=\toks26
\lst@length=\count115
\lst@currlwidth=\dimen125
\lst@column=\count116
\lst@pos=\count117
\lst@lostspace=\dimen126
\lst@width=\dimen127
\lst@newlines=\count118
\lst@lineno=\count119
\lst@maxwidth=\dimen128
(/usr/local/texlive/2015/texmf-dist/tex/latex/listings/lstmisc.sty
File: lstmisc.sty 2014/09/06 1.5e (Carsten Heinz)
\c@lstnumber=\count120
\lst@skipnumbers=\count121
\lst@framebox=\box37
) (/usr/local/texlive/2015/texmf-dist/tex/latex/listings/listings.cfg
File: listings.cfg 2014/09/06 1.5e listings configuration
))
Package: listings 2014/09/06 1.5e (Carsten Heinz)
(/usr/local/texlive/2015/texmf-dist/tex/latex/cleveref/cleveref.sty
Package: cleveref 2013/12/28 v0.19 Intelligent cross-referencing
Package cleveref Info: `listings' support loaded on input line 2950.
Package cleveref Info: `algorithm2e' support loaded on input line 2966.
) (/usr/local/texlive/2015/texmf-dist/tex/latex/enumitem/enumitem.sty
Package: enumitem 2011/09/28 v3.5.2 Customized lists
\enitkv@toks@=\toks27
\labelindent=\skip70
\enit@outerparindent=\dimen129
\enit@toks=\toks28
\enit@inbox=\box38
\enitdp@description=\count122
) (/usr/local/texlive/2015/texmf-dist/tex/latex/hyperref/hyperref.sty
Package: hyperref 2012/11/06 v6.83m Hypertext links for LaTeX
(/usr/local/texlive/2015/texmf-dist/tex/generic/oberdiek/hobsub-hyperref.sty
Package: hobsub-hyperref 2012/05/28 v1.13 Bundle oberdiek, subset hyperref (HO)

(/usr/local/texlive/2015/texmf-dist/tex/generic/oberdiek/hobsub-generic.sty
Package: hobsub-generic 2012/05/28 v1.13 Bundle oberdiek, subset generic (HO)
Package: hobsub 2012/05/28 v1.13 Construct package bundles (HO)
Package hobsub Info: Skipping package `infwarerr' (already loaded).
Package hobsub Info: Skipping package `ltxcmds' (already loaded).
Package: ifluatex 2010/03/01 v1.3 Provides the ifluatex switch (HO)
Package ifluatex Info: LuaTeX not detected.
Package: ifvtex 2010/03/01 v1.5 Detect VTeX and its facilities (HO)
Package ifvtex Info: VTeX not detected.
Package: intcalc 2007/09/27 v1.1 Expandable calculations with integers (HO)
Package: ifpdf 2011/01/30 v2.3 Provides the ifpdf switch (HO)
Package ifpdf Info: pdfTeX in PDF mode is detected.
Package: etexcmds 2011/02/16 v1.5 Avoid name clashes with e-TeX commands (HO)
Package etexcmds Info: Could not find \expanded.
(etexcmds)             That can mean that you are not using pdfTeX 1.50 or
(etexcmds)             that some package has redefined \expanded.
(etexcmds)             In the latter case, load this package earlier.
Package: kvsetkeys 2012/04/25 v1.16 Key value parser (HO)
Package: kvdefinekeys 2011/04/07 v1.3 Define keys (HO)
Package: pdftexcmds 2011/11/29 v0.20 Utility functions of pdfTeX for LuaTeX (HO
)
Package pdftexcmds Info: LuaTeX not detected.
Package pdftexcmds Info: \pdf@primitive is available.
Package pdftexcmds Info: \pdf@ifprimitive is available.
Package pdftexcmds Info: \pdfdraftmode found.
Package: pdfescape 2011/11/25 v1.13 Implements pdfTeX's escape features (HO)
Package: bigintcalc 2012/04/08 v1.3 Expandable calculations on big integers (HO
)
Package: bitset 2011/01/30 v1.1 Handle bit-vector datatype (HO)
Package: uniquecounter 2011/01/30 v1.2 Provide unlimited unique counter (HO)
)
Package hobsub Info: Skipping package `hobsub' (already loaded).
Package: letltxmacro 2010/09/02 v1.4 Let assignment for LaTeX macros (HO)
Package: hopatch 2012/05/28 v1.2 Wrapper for package hooks (HO)
Package: xcolor-patch 2011/01/30 xcolor patch
Package: atveryend 2011/06/30 v1.8 Hooks at the very end of document (HO)
Package: atbegshi 2011/10/05 v1.16 At begin shipout hook (HO)
Package: refcount 2011/10/16 v3.4 Data extraction from label references (HO)
Package: hycolor 2011/01/30 v1.7 Color options for hyperref/bookmark (HO)
) (/usr/local/texlive/2015/texmf-dist/tex/generic/ifxetex/ifxetex.sty
Package: ifxetex 2010/09/12 v0.6 Provides ifxetex conditional
) (/usr/local/texlive/2015/texmf-dist/tex/latex/oberdiek/auxhook.sty
Package: auxhook 2011/03/04 v1.3 Hooks for auxiliary files (HO)
) (/usr/local/texlive/2015/texmf-dist/tex/latex/oberdiek/kvoptions.sty
Package: kvoptions 2011/06/30 v3.11 Key value format for package options (HO)
)
\@linkdim=\dimen130
\Hy@linkcounter=\count123
\Hy@pagecounter=\count124
(/usr/local/texlive/2015/texmf-dist/tex/latex/hyperref/pd1enc.def
File: pd1enc.def 2012/11/06 v6.83m Hyperref: PDFDocEncoding definition (HO)
)
\Hy@SavedSpaceFactor=\count125
(/usr/local/texlive/2015/texmf-dist/tex/latex/latexconfig/hyperref.cfg
File: hyperref.cfg 2002/06/06 v1.2 hyperref configuration of TeXLive
)
Package hyperref Info: Hyper figures OFF on input line 4443.
Package hyperref Info: Link nesting OFF on input line 4448.
Package hyperref Info: Hyper index ON on input line 4451.
Package hyperref Info: Plain pages OFF on input line 4458.
Package hyperref Info: Backreferencing OFF on input line 4463.
Package hyperref Info: Implicit mode ON; LaTeX internals redefined.
Package hyperref Info: Bookmarks ON on input line 4688.
\c@Hy@tempcnt=\count126
LaTeX Info: Redefining \url on input line 5041.
\XeTeXLinkMargin=\dimen131
\Fld@menulength=\count127
\Field@Width=\dimen132
\Fld@charsize=\dimen133
Package hyperref Info: Hyper figures OFF on input line 6295.
Package hyperref Info: Link nesting OFF on input line 6300.
Package hyperref Info: Hyper index ON on input line 6303.
Package hyperref Info: backreferencing OFF on input line 6310.
Package hyperref Info: Link coloring OFF on input line 6315.
Package hyperref Info: Link coloring with OCG OFF on input line 6320.
Package hyperref Info: PDF/A mode OFF on input line 6325.
LaTeX Info: Redefining \ref on input line 6365.
LaTeX Info: Redefining \pageref on input line 6369.
\Hy@abspage=\count128
\c@Item=\count129
\c@Hfootnote=\count130
)

Package hyperref Message: Driver (autodetected): hpdftex.

(/usr/local/texlive/2015/texmf-dist/tex/latex/hyperref/hpdftex.def
File: hpdftex.def 2012/11/06 v6.83m Hyperref driver for pdfTeX
\Fld@listcount=\count131
\c@bookmark@seq@number=\count132
(/usr/local/texlive/2015/texmf-dist/tex/latex/oberdiek/rerunfilecheck.sty
Package: rerunfilecheck 2011/04/15 v1.7 Rerun checks for auxiliary files (HO)
Package uniquecounter Info: New unique counter `rerunfilecheck' on input line 2
82.
)
\Hy@SectionHShift=\skip71
) (/usr/local/texlive/2015/texmf-dist/tex/latex/hyperref/nameref.sty
Package: nameref 2012/10/27 v2.43 Cross-referencing by name of section
(/usr/local/texlive/2015/texmf-dist/tex/generic/oberdiek/gettitlestring.sty
Package: gettitlestring 2010/12/03 v1.4 Cleanup title references (HO)
)
\c@section@level=\count133
)
Package hyperref Info: Option `colorlinks' set `true' on input line 142.
Package hyperref Info: Option `linktocpage' set `true' on input line 142.
Package hyperref Info: Option `plainpages' set `false' on input line 142.
\aftertitskip=\skip72
\beforetitskip=\skip73
\interauthorskip=\skip74
\aftermaketitskip=\skip75
\jmlrlength=\skip76
\jmlrbox=\box39
\c@example=\count134
\c@theorem=\count135
\c@subfigure=\count136
\@subfloatcapbox=\box40
\@subfloatcontsbox=\box41
\c@subtable=\count137
\c@chapter=\count138
\postchapterskip=\skip77
\prechapterskip=\skip78
)
\c@claim=\count139
! Undefined control sequence.
l.163  \coltauthor
                  {\Name{Jacob Abernethy} \Email{prof@gatech.edu}\\
The control sequence at the end of the top line
of your error message was never \def'ed. If you have
misspelled it (e.g., `\hobx'), type `I' and the correct
spelling (e.g., `I\hbox'). Otherwise just continue,
and I'll forget about whatever was undefined.


! LaTeX Error: Missing \begin{document}.

See the LaTeX manual or LaTeX Companion for explanation.
Type  H <return>  for immediate help.
 ...                                              
                                                  
l.163  \coltauthor{\Name{Jacob Abernethy}
                                          \Email{prof@gatech.edu}\\
You're in trouble here.  Try typing  <return>  to proceed.
If that doesn't work, type  X <return>  to quit.

! Undefined control sequence.
l.165  \AND
           
The control sequence at the end of the top line
of your error message was never \def'ed. If you have
misspelled it (e.g., `\hobx'), type `I' and the correct
spelling (e.g., `I\hbox'). Otherwise just continue,
and I'll forget about whatever was undefined.

! Undefined control sequence.
l.168  \AND
           
The control sequence at the end of the top line
of your error message was never \def'ed. If you have
misspelled it (e.g., `\hobx'), type `I' and the correct
spelling (e.g., `I\hbox'). Otherwise just continue,
and I'll forget about whatever was undefined.

! Undefined control sequence.
l.171  \AND
           
The control sequence at the end of the top line
of your error message was never \def'ed. If you have
misspelled it (e.g., `\hobx'), type `I' and the correct
spelling (e.g., `I\hbox'). Otherwise just continue,
and I'll forget about whatever was undefined.

(/usr/local/texlive/2015/texmf-dist/tex/latex/oberdiek/bookmark.sty
Package: bookmark 2011/12/02 v1.24 PDF bookmarks (HO)
(/usr/local/texlive/2015/texmf-dist/tex/latex/oberdiek/bkm-pdftex.def
File: bkm-pdftex.def 2011/12/02 v1.24 bookmark driver for pdfTeX (HO)
\BKM@id=\count140
))

LaTeX Warning: Unused global option(s):
    [pmlr].

(./abernethytex18.aux

LaTeX Warning: Label `eq:gauge_{F}TRL' multiply defined.


LaTeX Warning: Label `eq:gauge_{F}TRL@cref' multiply defined.

)
\openout1 = `abernethytex18.aux'.

LaTeX Font Info:    Checking defaults for OML/cmm/m/it on input line 176.
LaTeX Font Info:    ... okay on input line 176.
LaTeX Font Info:    Checking defaults for T1/cmr/m/n on input line 176.
LaTeX Font Info:    ... okay on input line 176.
LaTeX Font Info:    Checking defaults for OT1/cmr/m/n on input line 176.
LaTeX Font Info:    ... okay on input line 176.
LaTeX Font Info:    Checking defaults for OMS/cmsy/m/n on input line 176.
LaTeX Font Info:    ... okay on input line 176.
LaTeX Font Info:    Checking defaults for OMX/cmex/m/n on input line 176.
LaTeX Font Info:    ... okay on input line 176.
LaTeX Font Info:    Checking defaults for U/cmr/m/n on input line 176.
LaTeX Font Info:    ... okay on input line 176.
LaTeX Font Info:    Checking defaults for PD1/pdf/m/n on input line 176.
LaTeX Font Info:    ... okay on input line 176.
(../bookfonts.tex (/usr/local/texlive/2015/texmf-dist/tex/latex/psnfss/mathptmx
.sty
Package: mathptmx 2005/04/12 PSNFSS-v9.2a Times w/ Math, improved (SPQR, WaS) 
LaTeX Font Info:    Redeclaring symbol font `operators' on input line 28.
LaTeX Font Info:    Overwriting symbol font `operators' in version `normal'
(Font)                  OT1/cmr/m/n --> OT1/ztmcm/m/n on input line 28.
LaTeX Font Info:    Overwriting symbol font `operators' in version `bold'
(Font)                  OT1/cmr/bx/n --> OT1/ztmcm/m/n on input line 28.
LaTeX Font Info:    Redeclaring symbol font `letters' on input line 29.
LaTeX Font Info:    Overwriting symbol font `letters' in version `normal'
(Font)                  OML/cmm/m/it --> OML/ztmcm/m/it on input line 29.
LaTeX Font Info:    Overwriting symbol font `letters' in version `bold'
(Font)                  OML/cmm/b/it --> OML/ztmcm/m/it on input line 29.
LaTeX Font Info:    Redeclaring symbol font `symbols' on input line 30.
LaTeX Font Info:    Overwriting symbol font `symbols' in version `normal'
(Font)                  OMS/cmsy/m/n --> OMS/ztmcm/m/n on input line 30.
LaTeX Font Info:    Overwriting symbol font `symbols' in version `bold'
(Font)                  OMS/cmsy/b/n --> OMS/ztmcm/m/n on input line 30.
LaTeX Font Info:    Redeclaring symbol font `largesymbols' on input line 31.
LaTeX Font Info:    Overwriting symbol font `largesymbols' in version `normal'
(Font)                  OMX/cmex/m/n --> OMX/ztmcm/m/n on input line 31.
LaTeX Font Info:    Overwriting symbol font `largesymbols' in version `bold'
(Font)                  OMX/cmex/m/n --> OMX/ztmcm/m/n on input line 31.
\symbold=\mathgroup6
\symitalic=\mathgroup7
LaTeX Font Info:    Redeclaring math alphabet \mathbf on input line 34.
LaTeX Font Info:    Overwriting math alphabet `\mathbf' in version `normal'
(Font)                  OT1/cmr/bx/n --> OT1/ptm/bx/n on input line 34.
LaTeX Font Info:    Overwriting math alphabet `\mathbf' in version `bold'
(Font)                  OT1/cmr/bx/n --> OT1/ptm/bx/n on input line 34.
LaTeX Font Info:    Redeclaring math alphabet \mathit on input line 35.
LaTeX Font Info:    Overwriting math alphabet `\mathit' in version `normal'
(Font)                  OT1/cmr/m/it --> OT1/ptm/m/it on input line 35.
LaTeX Font Info:    Overwriting math alphabet `\mathit' in version `bold'
(Font)                  OT1/cmr/bx/it --> OT1/ptm/m/it on input line 35.
LaTeX Info: Redefining \hbar on input line 50.
) (/usr/local/texlive/2015/texmf-dist/tex/latex/psnfss/helvet.sty
Package: helvet 2005/04/12 PSNFSS-v9.2a (WaS) 
) (/usr/local/texlive/2015/texmf-dist/tex/latex/psnfss/courier.sty
Package: courier 2005/04/12 PSNFSS-v9.2a (WaS) 
) (/usr/local/texlive/2015/texmf-dist/tex/latex/cmap/cmap.sty
Package: cmap 2008/03/06 v1.0h CMap support: searchable PDF
))
LaTeX Font Info:    Try loading font information for OT1+ptm on input line 176.

(/usr/local/texlive/2015/texmf-dist/tex/latex/psnfss/ot1ptm.fd
File: ot1ptm.fd 2001/06/04 font definitions for OT1/ptm.
)<<ot1.cmap>> (/usr/local/texlive/2015/texmf-dist/tex/context/base/supp-pdf.mki
i
[Loading MPS to PDF converter (version 2006.09.02).]
\scratchcounter=\count141
\scratchdimen=\dimen134
\scratchbox=\box42
\nofMPsegments=\count142
\nofMParguments=\count143
\everyMPshowfont=\toks29
\MPscratchCnt=\count144
\MPscratchDim=\dimen135
\MPnumerator=\count145
\makeMPintoPDFobject=\count146
\everyMPtoPDFconversion=\toks30
) (/usr/local/texlive/2015/texmf-dist/tex/latex/oberdiek/epstopdf-base.sty
Package: epstopdf-base 2010/02/09 v2.5 Base part for package epstopdf
(/usr/local/texlive/2015/texmf-dist/tex/latex/oberdiek/grfext.sty
Package: grfext 2010/08/19 v1.1 Manage graphics extensions (HO)
)
Package grfext Info: Graphics extension search list:
(grfext)             [.png,.pdf,.jpg,.mps,.jpeg,.jbig2,.jb2,.PNG,.PDF,.JPG,.JPE
G,.JBIG2,.JB2,.eps]
(grfext)             \AppendGraphicsExtensions on input line 452.
(/usr/local/texlive/2015/texmf-dist/tex/latex/latexconfig/epstopdf-sys.cfg
File: epstopdf-sys.cfg 2010/07/13 v1.3 Configuration of (r)epstopdf for TeX Liv
e
))
\c@lstlisting=\count147
\AtBeginShipoutBox=\box43
Package hyperref Info: Link coloring ON on input line 176.
LaTeX Info: Redefining \ref on input line 176.
LaTeX Info: Redefining \pageref on input line 176.
LaTeX Info: Redefining \nameref on input line 176.
LaTeX Font Info:    Font shape `OT1/ptm/bx/n' in size <14.4> not available
(Font)              Font shape `OT1/ptm/b/n' tried instead on input line 178.
LaTeX Font Info:    Font shape `OT1/ptm/bx/n' in size <10.95> not available
(Font)              Font shape `OT1/ptm/b/n' tried instead on input line 178.

LaTeX Warning: No \author given.

LaTeX Font Info:    Try loading font information for OMS+ptm on input line 178.

(/usr/local/texlive/2015/texmf-dist/tex/latex/psnfss/omsptm.fd
File: omsptm.fd 
)
LaTeX Font Info:    Font shape `OMS/ptm/m/n' in size <8> not available
(Font)              Font shape `OMS/cmsy/m/n' tried instead on input line 178.
<<oms.cmap>>
LaTeX Font Info:    Font shape `OT1/ptm/bx/n' in size <12> not available
(Font)              Font shape `OT1/ptm/b/n' tried instead on input line 179.
LaTeX Font Info:    Try loading font information for OT1+ztmcm on input line 18
0.
(/usr/local/texlive/2015/texmf-dist/tex/latex/psnfss/ot1ztmcm.fd
File: ot1ztmcm.fd 2000/01/03 Fontinst v1.801 font definitions for OT1/ztmcm.
)
LaTeX Font Info:    Try loading font information for OML+ztmcm on input line 18
0.
(/usr/local/texlive/2015/texmf-dist/tex/latex/psnfss/omlztmcm.fd
File: omlztmcm.fd 2000/01/03 Fontinst v1.801 font definitions for OML/ztmcm.
)<<oml.cmap>>
LaTeX Font Info:    Try loading font information for OMS+ztmcm on input line 18
0.
(/usr/local/texlive/2015/texmf-dist/tex/latex/psnfss/omsztmcm.fd
File: omsztmcm.fd 2000/01/03 Fontinst v1.801 font definitions for OMS/ztmcm.
)
LaTeX Font Info:    Try loading font information for OMX+ztmcm on input line 18
0.
(/usr/local/texlive/2015/texmf-dist/tex/latex/psnfss/omxztmcm.fd
File: omxztmcm.fd 2000/01/03 Fontinst v1.801 font definitions for OMX/ztmcm.
)<<omx.cmap>>
LaTeX Font Info:    Font shape `OT1/ptm/bx/n' in size <10> not available
(Font)              Font shape `OT1/ptm/b/n' tried instead on input line 180.
LaTeX Font Info:    Font shape `OT1/ptm/bx/n' in size <7.4> not available
(Font)              Font shape `OT1/ptm/b/n' tried instead on input line 180.
LaTeX Font Info:    Font shape `OT1/ptm/bx/n' in size <6> not available
(Font)              Font shape `OT1/ptm/b/n' tried instead on input line 180.

Package natbib Warning: Citation `RS13' on page 3 undefined on input line 180.


Package natbib Warning: Citation `SALS15' on page 3 undefined on input line 180
.


Package natbib Warning: Citation `D15' on page 3 undefined on input line 180.

LaTeX Font Info:    Font shape `OT1/ptm/bx/n' in size <8> not available
(Font)              Font shape `OT1/ptm/b/n' tried instead on input line 189.

Package natbib Warning: Citation `Adler2013' on page 3 undefined on input line 
189.


Package natbib Warning: Citation `freund1999adaptive' on page 3 undefined on in
put line 189.


Package natbib Warning: Citation `freund1996game' on page 3 undefined on input 
line 189.


Package natbib Warning: Citation `goodfellow2014generative' on page 3 undefined
 on input line 189.


Package natbib Warning: Citation `freund1999adaptive' on page 3 undefined on in
put line 193.


Package natbib Warning: Citation `blackwell1956analog' on page 3 undefined on i
nput line 193.


Package natbib Warning: Citation `hannan1957approximation' on page 3 undefined 
on input line 193.


Package natbib Warning: Citation `CJ12' on page 3 undefined on input line 193.


Package natbib Warning: Citation `RK13' on page 3 undefined on input line 193.


Package natbib Warning: Citation `SALS15' on page 3 undefined on input line 193
.


Package natbib Warning: Citation `AW17' on page 3 undefined on input line 197.


Package natbib Warning: Citation `D15' on page 3 undefined on input line 198.


Package natbib Warning: Citation `LP66' on page 3 undefined on input line 200.


Package natbib Warning: Citation `DR70' on page 3 undefined on input line 200.


Package natbib Warning: Citation `D79' on page 3 undefined on input line 200.


Package natbib Warning: Citation `L17' on page 3 undefined on input line 204.


Overfull \vbox (382.78041pt too high) has occurred while \output is active []


LaTeX Warning: Reference `jmlrend' on page 3 undefined on input line 213.

[3{/usr/local/texlive/2015/texmf-var/fonts/map/pdftex/updmap/pdftex.map}

]
Overfull \hbox (17.8784pt too wide) in paragraph at lines 224--225
[][]$\OML/ztmcm/m/it/10.95 f$ \OT1/ptm/m/it/10.95 is $\OML/ztmcm/m/it/10.95 ^^[
$\OT1/ptm/m/it/10.95 -strongly con-vex w.r.t. a norm $\OMS/ztmcm/m/n/10.95 k ^^
A k$ \OT1/ptm/m/it/10.95 if for any $\OML/ztmcm/m/it/10.95 u; v \OMS/ztmcm/m/n/
10.95 2 X$\OT1/ptm/m/it/10.95 , $\OML/ztmcm/m/it/10.95 f\OT1/ztmcm/m/n/10.95 (\
OML/ztmcm/m/it/10.95 u\OT1/ztmcm/m/n/10.95 ) \OMS/ztmcm/m/n/10.95 ^^U \OML/ztmc
m/m/it/10.95 f\OT1/ztmcm/m/n/10.95 (\OML/ztmcm/m/it/10.95 v\OT1/ztmcm/m/n/10.95
 ) + [] +
 []


Package natbib Warning: Citation `B04' on page 4 undefined on input line 230.


Package natbib Warning: Citation `KST09' on page 4 undefined on input line 233.



Package natbib Warning: Citation `D15' on page 4 undefined on input line 242.


Package natbib Warning: Citation `R96' on page 4 undefined on input line 249.


Package natbib Warning: Citation `B13' on page 4 undefined on input line 250.


LaTeX Warning: Reference `app:betagauge' on page 4 undefined on input line 263.


[4]

Package natbib Warning: Citation `shalev2012online' on page 5 undefined on inpu
t line 303.


Package natbib Warning: Citation `H14' on page 5 undefined on input line 303.


Package natbib Warning: Citation `RS16' on page 5 undefined on input line 303.


Package natbib Warning: Citation `cesa2006prediction' on page 5 undefined on in
put line 305.


Package natbib Warning: Citation `shalev2012online' on page 5 undefined on inpu
t line 305.


Package natbib Warning: Citation `KS09' on page 5 undefined on input line 305.

[5]

Package natbib Warning: Citation `KS09' on page 6 undefined on input line 306.


Package natbib Warning: Citation `kalai2005efficient' on page 6 undefined on in
put line 320.


LaTeX Warning: Reference `app:optimistic' on page 1 undefined on input line 320
.


Package natbib Warning: Citation `kalai2005efficient' on page 6 undefined on in
put line 325.


Package natbib Warning: Citation `cesa2006prediction' on page 6 undefined on in
put line 325.


Package natbib Warning: Citation `abernethy2014online' on page 6 undefined on i
nput line 325.

LaTeX Font Info:    Font shape `OT1/ptm/bx/n' in size <9> not available
(Font)              Font shape `OT1/ptm/b/n' tried instead on input line 329.
LaTeX Font Info:    Font shape `OT1/ptm/bx/n' in size <7> not available
(Font)              Font shape `OT1/ptm/b/n' tried instead on input line 329.
LaTeX Font Info:    Font shape `OT1/ptm/bx/n' in size <5> not available
(Font)              Font shape `OT1/ptm/b/n' tried instead on input line 329.

Package natbib Warning: Citation `shalev2012online' on page 6 undefined on inpu
t line 329.


Package natbib Warning: Citation `H14' on page 6 undefined on input line 329.


Package natbib Warning: Citation `RS16' on page 6 undefined on input line 329.

[6]

Package natbib Warning: Citation `v1928theorie' on page 7 undefined on input li
ne 352.


Package natbib Warning: Citation `neumann1944theory' on page 7 undefined on inp
ut line 352.


Package natbib Warning: Citation `sion1958general' on page 7 undefined on input
 line 352.


Overfull \hbox (0.58763pt too wide) in paragraph at lines 352--353
\OT1/ptm/m/n/10.95 concave games un-der rea-son-ably weak con-di-tions. An-othe
r way to state this $[][] [][] \OML/ztmcm/m/it/10.95 g\OT1/ztmcm/m/n/10.95 (\OM
L/ztmcm/m/it/10.95 x; y\OT1/ztmcm/m/n/10.95 ) =
 []


Overfull \hbox (8.5pt too wide) in paragraph at lines 356--356
[] [] 
 []


LaTeX Warning: Reference `app:thm:convergence' on page 7 undefined on input lin
e 395.


Package natbib Warning: Citation `frank1956algorithm' on page 7 undefined on in
put line 397.


Package natbib Warning: Citation `AW17' on page 7 undefined on input line 397.

[7]

Package natbib Warning: Citation `AW17' on page 8 undefined on input line 408.


Package natbib Warning: Citation `CJ12' on page 8 undefined on input line 541.


Package natbib Warning: Citation `RS13' on page 8 undefined on input line 541.


Package natbib Warning: Citation `SALS15' on page 8 undefined on input line 541
.


LaTeX Warning: Reference `thm:FWgame' on page 8 undefined on input line 543.

[8]

LaTeX Warning: Reference `thm:FWgame' on page 9 undefined on input line 555.


LaTeX Warning: Reference `alg:FW' on page 1 undefined on input line 556.


LaTeX Warning: Reference `cor:FWcor' on page 9 undefined on input line 556.


LaTeX Warning: Reference `app:BTPL' on page 9 undefined on input line 557.


Overfull \hbox (1.57771pt too wide) in paragraph at lines 554--558
[]\OT1/ptm/m/n/10.95 The al-go-rithm that we de-scribe in The-o-rem [] does not
 im-me-di-ately yield a FW-like algorithm---
 []

LaTeX Font Info:    Font shape `OT1/ptm/bx/sc' in size <10.95> not available
(Font)              Font shape `OT1/ptm/b/sc' tried instead on input line 612.

Overfull \hbox (2.96729pt too wide) in paragraph at lines 614--616
\OT1/ptm/m/it/10.95 weight se-quence $\OML/ztmcm/m/it/10.95 [] \OT1/ztmcm/m/n/
10.95 = \OML/ztmcm/m/it/10.95 t$\OT1/ptm/m/it/10.95 , and the fol-low-ing strat
e-gies for the play-ers. The $\OML/ztmcm/m/it/10.95 x$\OT1/ptm/m/it/10.95 -play
er plays \OT1/ptm/m/sc/10.95 Optimistic-
 []


LaTeX Warning: Reference `eq:YplayerFWgame' on page 9 undefined on input line 6
37.


LaTeX Warning: Reference `eq:YplayerFWgame' on page 9 undefined on input line 6
38.


LaTeX Warning: Reference `thm:FWgame' on page 1 undefined on input line 638.


LaTeX Warning: Reference `xt' on page 9 undefined on input line 638.


LaTeX Warning: Reference `alg:FW' on page 1 undefined on input line 638.


LaTeX Warning: Reference `cor:FWcor' on page 9 undefined on input line 638.


Overfull \hbox (8.5pt too wide) in paragraph at lines 641--641
[] [] 
 []


LaTeX Warning: `h' float specifier changed to `ht'.


LaTeX Warning: Reference `app:fwcor' on page 1 undefined on input line 658.


LaTeX Warning: Reference `alg:FW' on page 9 undefined on input line 661.


LaTeX Warning: Reference `alg:FW' on page 1 undefined on input line 661.


LaTeX Warning: Reference `thm:FWgame' on page 1 undefined on input line 715.

! Undefined control sequence.
\@cref ...begingroup \countdef \count@consecutive 
                                                  =0\countdef \count@group =...
l.715 \subsection{Proof of \Cref{thm:FWgame}}
                                             
The control sequence at the end of the top line
of your error message was never \def'ed. If you have
misspelled it (e.g., `\hobx'), type `I' and the correct
spelling (e.g., `I\hbox'). Otherwise just continue,
and I'll forget about whatever was undefined.

! Undefined control sequence.
\@cref ...nt@consecutive =0\countdef \count@group 
                                                  =1\count@group =1\def \cre...
l.715 \subsection{Proof of \Cref{thm:FWgame}}
                                             
The control sequence at the end of the top line
of your error message was never \def'ed. If you have
misspelled it (e.g., `\hobx'), type `I' and the correct
spelling (e.g., `I\hbox'). Otherwise just continue,
and I'll forget about whatever was undefined.

! Undefined control sequence.
\@cref ...=0\countdef \count@group =1\count@group 
                                                  =1\def \cref@variant {#1}\...
l.715 \subsection{Proof of \Cref{thm:FWgame}}
                                             
The control sequence at the end of the top line
of your error message was never \def'ed. If you have
misspelled it (e.g., `\hobx'), type `I' and the correct
spelling (e.g., `I\hbox'). Otherwise just continue,
and I'll forget about whatever was undefined.

! Use of \\bookmark doesn't match its definition.
\protected@write ...le@protect \edef \reserved@a {
                                                  \write #1{#3}}\reserved@a ...
l.715 \subsection{Proof of \Cref{thm:FWgame}}
                                             
If you say, e.g., `\def\a1{...}', then you must always
put `1' after `\a', since control sequence names are
made up of letters only. The macro here has not been
followed by the required stuff, so I'm ignoring it.

! Undefined control sequence.
\@cref ...begingroup \countdef \count@consecutive 
                                                  =0\countdef \count@group =...
l.715 \subsection{Proof of \Cref{thm:FWgame}}
                                             
The control sequence at the end of the top line
of your error message was never \def'ed. If you have
misspelled it (e.g., `\hobx'), type `I' and the correct
spelling (e.g., `I\hbox'). Otherwise just continue,
and I'll forget about whatever was undefined.

! Undefined control sequence.
\@cref ...nt@consecutive =0\countdef \count@group 
                                                  =1\count@group =1\def \cre...
l.715 \subsection{Proof of \Cref{thm:FWgame}}
                                             
The control sequence at the end of the top line
of your error message was never \def'ed. If you have
misspelled it (e.g., `\hobx'), type `I' and the correct
spelling (e.g., `I\hbox'). Otherwise just continue,
and I'll forget about whatever was undefined.

! Undefined control sequence.
\@cref ...=0\countdef \count@group =1\count@group 
                                                  =1\def \cref@variant {#1}\...
l.715 \subsection{Proof of \Cref{thm:FWgame}}
                                             
The control sequence at the end of the top line
of your error message was never \def'ed. If you have
misspelled it (e.g., `\hobx'), type `I' and the correct
spelling (e.g., `I\hbox'). Otherwise just continue,
and I'll forget about whatever was undefined.

! Extra \else.
\contentsline ...e }{#3}\hyper@linkend }\fi \else 
                                                  \def \Hy@temp {#3}\ifx \Hy...
l.715 \subsection{Proof of \Cref{thm:FWgame}}
                                             
I'm ignoring this; it doesn't match any \if.

! Undefined control sequence.
\HyColor@UseColor ...r \HyColor@@UseColor #1\@nil 
                                                  \fi \fi 
l.715 \subsection{Proof of \Cref{thm:FWgame}}
                                             
The control sequence at the end of the top line
of your error message was never \def'ed. If you have
misspelled it (e.g., `\hobx'), type `I' and the correct
spelling (e.g., `I\hbox'). Otherwise just continue,
and I'll forget about whatever was undefined.

! Undefined control sequence.
\@cref ...begingroup \countdef \count@consecutive 
                                                  =0\countdef \count@group =...
l.715 \subsection{Proof of \Cref{thm:FWgame}}
                                             
The control sequence at the end of the top line
of your error message was never \def'ed. If you have
misspelled it (e.g., `\hobx'), type `I' and the correct
spelling (e.g., `I\hbox'). Otherwise just continue,
and I'll forget about whatever was undefined.

! Undefined control sequence.
\@cref ...nt@consecutive =0\countdef \count@group 
                                                  =1\count@group =1\def \cre...
l.715 \subsection{Proof of \Cref{thm:FWgame}}
                                             
The control sequence at the end of the top line
of your error message was never \def'ed. If you have
misspelled it (e.g., `\hobx'), type `I' and the correct
spelling (e.g., `I\hbox'). Otherwise just continue,
and I'll forget about whatever was undefined.

! Undefined control sequence.
\@cref ...=0\countdef \count@group =1\count@group 
                                                  =1\def \cref@variant {#1}\...
l.715 \subsection{Proof of \Cref{thm:FWgame}}
                                             
The control sequence at the end of the top line
of your error message was never \def'ed. If you have
misspelled it (e.g., `\hobx'), type `I' and the correct
spelling (e.g., `I\hbox'). Otherwise just continue,
and I'll forget about whatever was undefined.

! Use of \\bookmark doesn't match its definition.
\protected@write ... #1{#3}}\reserved@a \endgroup 
                                                  \if@nobreak \ifvmode \nobr...
l.715 \subsection{Proof of \Cref{thm:FWgame}}
                                             
If you say, e.g., `\def\a1{...}', then you must always
put `1' after `\a', since control sequence names are
made up of letters only. The macro here has not been
followed by the required stuff, so I'm ignoring it.

! Extra \else.
\H@old@sect ...name the#1\endcsname }\fi #7}\else 
                                                  \def \@svsechd {#6{\hskip ...
l.715 \subsection{Proof of \Cref{thm:FWgame}}
                                             
I'm ignoring this; it doesn't match any \if.

! Use of \begin doesn't match its definition.
l.716 \begin{
             proof}[Proof of Theorem~\ref{thm:FWgame}]
If you say, e.g., `\def\a1{...}', then you must always
put `1' after `\a', since control sequence names are
made up of letters only. The macro here has not been
followed by the required stuff, so I'm ignoring it.

! Use of \begin doesn't match its definition.
l.726 	\begin{
              equation}
If you say, e.g., `\def\a1{...}', then you must always
put `1' after `\a', since control sequence names are
made up of letters only. The macro here has not been
followed by the required stuff, so I'm ignoring it.

! Use of \end doesn't match its definition.
l.728 	\end{
            equation}
If you say, e.g., `\def\a1{...}', then you must always
put `1' after `\a', since control sequence names are
made up of letters only. The macro here has not been
followed by the required stuff, so I'm ignoring it.

! Use of \begin doesn't match its definition.
l.737 	\begin{
              equation}
If you say, e.g., `\def\a1{...}', then you must always
put `1' after `\a', since control sequence names are
made up of letters only. The macro here has not been
followed by the required stuff, so I'm ignoring it.

! Use of \begin doesn't match its definition.
l.738 	\begin{
              aligned}
If you say, e.g., `\def\a1{...}', then you must always
put `1' after `\a', since control sequence names are
made up of letters only. The macro here has not been
followed by the required stuff, so I'm ignoring it.

! Use of \end doesn't match its definition.
l.746 	\end{
            aligned}
If you say, e.g., `\def\a1{...}', then you must always
put `1' after `\a', since control sequence names are
made up of letters only. The macro here has not been
followed by the required stuff, so I'm ignoring it.

! Use of \end doesn't match its definition.
l.747 	\end{
            equation}
If you say, e.g., `\def\a1{...}', then you must always
put `1' after `\a', since control sequence names are
made up of letters only. The macro here has not been
followed by the required stuff, so I'm ignoring it.

Runaway argument?
! Paragraph ended before \let was complete.
<to be read again> 
                   \par 
l.747 	\end{e
             quation}
I suspect you've forgotten a `}', causing me to apply this
control sequence to too much text. How can we recover?
My plan is to forget the whole thing and hope for the best.

! Missing \endcsname inserted.
<to be read again> 
                   \expandafter 
l.747 	\end{e
             quation}
The control sequence marked <to be read again> should
not appear between \csname and \endcsname.

! Extra \endcsname.
\HyPsd@@LetCommand ...ter \expandafter \endcsname 
                                                  \fi \fi 
l.747 	\end{e
             quation}
I'm ignoring this, since I wasn't doing a \csname.

! Use of \expandafter doesn't match its definition.
\let #1->\expandafter \expandafter 
                                   \expandafter \HyPsd@@LetCommand \expandaf...
l.747 	\end{e
             quation}
If you say, e.g., `\def\a1{...}', then you must always
put `1' after `\a', since control sequence names are
made up of letters only. The macro here has not been
followed by the required stuff, so I'm ignoring it.

! Use of \expandafter doesn't match its definition.
\let ...pandafter \expandafter \HyPsd@@LetCommand 
                                                  \expandafter \expandafter ...
l.747 	\end{e
             quation}
If you say, e.g., `\def\a1{...}', then you must always
put `1' after `\a', since control sequence names are
made up of letters only. The macro here has not been
followed by the required stuff, so I'm ignoring it.

! Use of \expandafter doesn't match its definition.
\let ...Psd@@LetCommand \expandafter \expandafter 
                                                  \expandafter {\expandafter...
l.747 	\end{e
             quation}
If you say, e.g., `\def\a1{...}', then you must always
put `1' after `\a', since control sequence names are
made up of letters only. The macro here has not been
followed by the required stuff, so I'm ignoring it.

! Use of \expandafter doesn't match its definition.
\let ...d \expandafter \expandafter \expandafter {
                                                  \expandafter \@gobble \str...
l.747 	\end{e
             quation}
If you say, e.g., `\def\a1{...}', then you must always
put `1' after `\a', since control sequence names are
made up of letters only. The macro here has not been
followed by the required stuff, so I'm ignoring it.

! Use of \expandafter doesn't match its definition.
\let ...after \expandafter {\expandafter \@gobble 
                                                  \string #1\@empty }
l.747 	\end{e
             quation}
If you say, e.g., `\def\a1{...}', then you must always
put `1' after `\a', since control sequence names are
made up of letters only. The macro here has not been
followed by the required stuff, so I'm ignoring it.

! You can't use a prefix with `the character \'.
<to be read again> 
                   \
l.747 	\end{e
             quation}
I'll pretend you didn't say \long or \outer or \global or \protected.

! Unbalanced output routine.
\let ...{\expandafter \@gobble \string #1\@empty }
                                                  
l.747 	\end{e
             quation}
Your sneaky output routine has problematic {'s and/or }'s.
I can't handle that very well; good luck.

! Missing \endcsname inserted.
<to be read again> 
                   \expandafter 
l.747 	\end{e
             quation}
The control sequence marked <to be read again> should
not appear between \csname and \endcsname.

! Extra \endcsname.
\HyPsd@@LetCommand ...ter \expandafter \endcsname 
                                                  \fi \fi 
l.747 	\end{e
             quation}
I'm ignoring this, since I wasn't doing a \csname.

! You can't use a prefix with `begin-group character {'.
<to be read again> 
                   {
l.747 	\end{e
             quation}
I'll pretend you didn't say \long or \outer or \global or \protected.

)
! Incomplete \iffalse; all text was ignored after line 747.
<inserted text> 
                \fi 
<*> ...nt }\def\startpage{3}\input{abernethytex18}
                                                  
The file ended while I was skipping conditional text.
This kind of error happens when you say `\if...' and forget
the matching `\fi'. I've inserted a `\fi'; this might work.

! Emergency stop.
<*> ...nt }\def\startpage{3}\input{abernethytex18}
                                                  
*** (job aborted, no legal \end found)

 
Here is how much of TeX's memory you used:
 13474 strings out of 493089
 203747 string characters out of 6134841
 365830 words of memory out of 5000000
 16613 multiletter control sequences out of 15000+600000
 74996 words of font info for 163 fonts, out of 8000000 for 9000
 1141 hyphenation exceptions out of 8191
 37i,10n,37p,1803b,552s stack positions out of 5000i,500n,10000p,200000b,80000s
!  ==> Fatal error occurred, no output PDF file produced!
