\BOOKMARK [1][-]{section.0.1}{Introduction and Main Results}{}% 1
\BOOKMARK [1][-]{section.0.2}{Estimator Construction}{}% 2
\BOOKMARK [2][-]{subsection.0.2.1}{Duality of Wasserstein Distance}{section.0.2}% 3
\BOOKMARK [2][-]{subsection.0.2.2}{Duality between Moment Matching and Approximation}{section.0.2}% 4
\BOOKMARK [2][-]{subsection.0.2.3}{Final Estimator}{section.0.2}% 5
\BOOKMARK [1][-]{section.0.3}{Applications in Symmetric Functional Estimation}{}% 6
\BOOKMARK [1][-]{section.0.A}{Estimator Analysis}{}% 7
\BOOKMARK [2][-]{subsection.0.A.1}{Controlling ``Bad Events''}{section.0.A}% 8
\BOOKMARK [2][-]{subsection.0.A.2}{Local Performance of Moment Matching}{section.0.A}% 9
\BOOKMARK [2][-]{subsection.0.A.3}{Overall Performance}{section.0.A}% 10
\BOOKMARK [1][-]{section.0.B}{Minimax Lower Bound}{}% 11
\BOOKMARK [2][-]{subsection.0.B.1}{Lower Bound on the ``Bias"}{section.0.B}% 12
\BOOKMARK [2][-]{subsection.0.B.2}{Lower Bound on the ``Variance"}{section.0.B}% 13
\BOOKMARK [1][-]{section.0.C}{Auxiliary Lemmas}{}% 14
\BOOKMARK [1][-]{section.0.D}{Proof of Main Lemmas}{}% 15
\BOOKMARK [2][-]{subsection.0.D.1}{Proof of Corollary 3}{section.0.D}% 16
\BOOKMARK [2][-]{subsection.0.D.2}{Proof of Lemma 7}{section.0.D}% 17
\BOOKMARK [2][-]{subsection.0.D.3}{Proof of Lemma 9}{section.0.D}% 18
\BOOKMARK [2][-]{subsection.0.D.4}{Proof of Lemma 11}{section.0.D}% 19
\BOOKMARK [2][-]{subsection.0.D.5}{Proof of Lemma 18}{section.0.D}% 20
\BOOKMARK [2][-]{subsection.0.D.6}{Proof of Lemma 13}{section.0.D}% 21
\BOOKMARK [2][-]{subsection.0.D.7}{Proof of Theorem 15}{section.0.D}% 22
