\BOOKMARK [1][-]{section.0.1}{Introduction}{}% 1
\BOOKMARK [2][-]{subsection.0.1.1}{Review: Acceleration with Exact Gradients}{section.0.1}% 2
\BOOKMARK [2][-]{subsection.0.1.2}{A thought experiment: Is Accelerating Stochastic Approximation possible?}{section.0.1}% 3
\BOOKMARK [2][-]{subsection.0.1.3}{Contributions}{section.0.1}% 4
\BOOKMARK [2][-]{subsection.0.1.4}{Related Work}{section.0.1}% 5
\BOOKMARK [1][-]{section.0.2}{Main Results}{}% 6
\BOOKMARK [2][-]{subsection.0.2.1}{Assumptions and Definitions}{section.0.2}% 7
\BOOKMARK [2][-]{subsection.0.2.2}{Algorithm and Main Theorem}{section.0.2}% 8
\BOOKMARK [2][-]{subsection.0.2.3}{Discussion and Open Problems}{section.0.2}% 9
\BOOKMARK [1][-]{section.0.3}{Proof Outline}{}% 10
\BOOKMARK [1][-]{section.0.4}{Conclusion}{}% 11
\BOOKMARK [1][-]{section.0.A}{Appendix setup}{}% 12
\BOOKMARK [2][-]{subsection.0.A.1}{Organization}{section.0.A}% 13
\BOOKMARK [2][-]{subsection.0.A.2}{Notations}{section.0.A}% 14
\BOOKMARK [1][-]{section.0.B}{The Tail-Average Iterate: Covariance and bias-variance decomposition}{}% 15
\BOOKMARK [2][-]{subsection.0.B.1}{The tail-averaged iterate and its covariance}{section.0.B}% 16
\BOOKMARK [2][-]{subsection.0.B.2}{Covariance of Bias error of the tail-averaged iterate}{section.0.B}% 17
\BOOKMARK [2][-]{subsection.0.B.3}{Covariance of Variance error of the tail-averaged iterate}{section.0.B}% 18
\BOOKMARK [1][-]{section.0.C}{Useful lemmas}{}% 19
\BOOKMARK [1][-]{section.0.D}{Lemmas and proofs for bias contraction}{}% 20
\BOOKMARK [1][-]{section.0.E}{Lemmas and proofs for Bounding variance error}{}% 21
\BOOKMARK [2][-]{subsection.0.E.1}{Notations}{section.0.E}% 22
\BOOKMARK [2][-]{subsection.0.E.2}{An exact expression for the stationary distribution}{section.0.E}% 23
\BOOKMARK [2][-]{subsection.0.E.3}{Computing the steady state distribution}{section.0.E}% 24
\BOOKMARK [3][-]{subsubsection.0.E.3.1}{Understanding the second moment effects}{subsection.0.E.3}% 25
\BOOKMARK [3][-]{subsubsection.0.E.3.2}{Understanding fourth moment effects}{subsection.0.E.3}% 26
\BOOKMARK [1][-]{section.0.F}{Proof of Theorem 1}{}% 27
