\BOOKMARK [1][-]{section.0.1}{Introduction}{}% 1
\BOOKMARK [2][-]{subsection.0.1.1}{Setup and Main Results}{section.0.1}% 2
\BOOKMARK [2][-]{subsection.0.1.2}{Extensions to Neural Networks with Quadratic Activations}{section.0.1}% 3
\BOOKMARK [1][-]{section.0.2}{Preliminaries and Related Work}{}% 4
\BOOKMARK [2][-]{subsection.0.2.1}{Related Work}{section.0.2}% 5
\BOOKMARK [1][-]{section.0.3}{Proof Overview and Rank-1 Case}{}% 6
\BOOKMARK [2][-]{subsection.0.3.1}{Warm-up: Rank-1 Case}{section.0.3}% 7
\BOOKMARK [1][-]{section.0.4}{Proof Outline of Rank-r Case}{}% 8
\BOOKMARK [1][-]{section.0.5}{Conclusions}{}% 9
\BOOKMARK [1][-]{section.0.A}{Neural networks with Quadratic Activations}{}% 10
\BOOKMARK [1][-]{section.0.B}{Simulations}{}% 11
\BOOKMARK [1][-]{section.0.C}{Proofs For Rank-1 Case}{}% 12
\BOOKMARK [1][-]{section.0.D}{Proof of Theorem 4.1}{}% 13
\BOOKMARK [2][-]{subsection.0.D.1}{Proof of Proposition D.2}{section.0.D}% 14
\BOOKMARK [2][-]{subsection.0.D.2}{Proof of Proposition D.3}{section.0.D}% 15
\BOOKMARK [2][-]{subsection.0.D.3}{Proof of Proposition D.4}{section.0.D}% 16
\BOOKMARK [3][-]{subsubsection.0.D.3.1}{Proofs of Proposition D.11, D.12, and D.13}{subsection.0.D.3}% 17
\BOOKMARK [2][-]{subsection.0.D.4}{Proof of Proposition D.5}{section.0.D}% 18
\BOOKMARK [2][-]{subsection.0.D.5}{Proof of Proposition \0404.3}{section.0.D}% 19
\BOOKMARK [1][-]{section.0.E}{Missing proofs in Section A}{}% 20
\BOOKMARK [1][-]{section.0.F}{Restricted Isometry Properties}{}% 21
